android/build/intermediates/manifest_merge_blame_file/debug/manifest-merger-blame-debug-report.txt
1<?xml version="1.0" encoding="utf-8"?>
2<manifest xmlns:android="http://schemas.android.com/apk/res/android"
3    package="org.wonday.aliyun.push" >
4
5    <uses-sdk
6        android:minSdkVersion="16"
6-->src/main/AndroidManifest.xml
7        android:targetSdkVersion="30" />
7-->src/main/AndroidManifest.xml
8
9    <uses-permission android:name="android.permission.GET_TASKS" />
9-->src/main/AndroidManifest.xml:3:5-68
9-->src/main/AndroidManifest.xml:3:22-65
10
11    <application android:label="@string/app_name" >
11-->src/main/AndroidManifest.xml:4:5-22:19
11-->src/main/AndroidManifest.xml:5:13-45
12        <receiver
12-->src/main/AndroidManifest.xml:6:9-18:20
13            android:name="org.wonday.aliyun.push.AliyunPushMessageReceiver"
13-->src/main/AndroidManifest.xml:7:17-80
14            android:exported="false" >
14-->src/main/AndroidManifest.xml:8:17-41
15            <intent-filter>
15-->src/main/AndroidManifest.xml:9:13-11:29
16                <action android:name="com.alibaba.push2.action.NOTIFICATION_OPENED" />
16-->src/main/AndroidManifest.xml:10:17-87
16-->src/main/AndroidManifest.xml:10:25-84
17            </intent-filter>
18            <intent-filter>
18-->src/main/AndroidManifest.xml:12:13-14:29
19                <action android:name="com.alibaba.push2.action.NOTIFICATION_REMOVED" />
19-->src/main/AndroidManifest.xml:13:17-88
19-->src/main/AndroidManifest.xml:13:25-85
20            </intent-filter>
21            <intent-filter>
21-->src/main/AndroidManifest.xml:15:13-17:29
22                <action android:name="com.alibaba.sdk.android.push.RECEIVE" />
22-->src/main/AndroidManifest.xml:16:17-79
22-->src/main/AndroidManifest.xml:16:25-76
23            </intent-filter>
24        </receiver>
25
26        <activity
26-->src/main/AndroidManifest.xml:19:9-21:44
27            android:name="org.wonday.aliyun.push.ThirdPartMessageActivity"
27-->src/main/AndroidManifest.xml:20:17-57
28            android:exported="false" />
28-->src/main/AndroidManifest.xml:21:17-41
29    </application>
30
31</manifest>